<?xml version="1.0" encoding="UTF-8"?>
<!-- Generated by org.testng.reporters.JUnitReportReporter -->
<testsuite hostname="HarrySindhu" failures="0" tests="2" name="tests.MultibrowserTest2" time="15.015" errors="0" timestamp="2023-12-24T21:51:16 IST" skipped="0">
  <testcase classname="tests.MultibrowserTest2" name="driverinitialization" time="5.716"/>
  <testcase classname="tests.MultibrowserTest2" name="driverinitialization" time="9.299"/>
</testsuite> <!-- tests.MultibrowserTest2 -->
